<?xml version="1.0" encoding="UTF-8"?>
<testsuite name="service.repository.PatientRepositoryTest" tests="6" skipped="0" failures="0" errors="0" timestamp="2021-01-21T12:06:20" hostname="WARRAICHLAPTOP" time="0.127">
  <properties/>
  <testcase name="getPatients()" classname="service.repository.PatientRepositoryTest" time="0.043"/>
  <testcase name="updatePatientTest()" classname="service.repository.PatientRepositoryTest" time="0.018"/>
  <testcase name="deletePatient_doesNotExist_returnsFalse()" classname="service.repository.PatientRepositoryTest" time="0.011"/>
  <testcase name="createPatient_alreadyExists_throwsException()" classname="service.repository.PatientRepositoryTest" time="0.026"/>
  <testcase name="deletePatientTest()" classname="service.repository.PatientRepositoryTest" time="0.012"/>
  <testcase name="getPatientByIdTest()" classname="service.repository.PatientRepositoryTest" time="0.011"/>
  <system-out><![CDATA[]]></system-out>
  <system-err><![CDATA[]]></system-err>
</testsuite>
