<?xml version="1.0" encoding="UTF-8"?>
<testsuite name="service.model.ManagementTest" tests="2" skipped="0" failures="0" errors="0" timestamp="2020-12-28T23:45:28" hostname="WARRAICHLAPTOP" time="0.008">
  <properties/>
  <testcase name="NullValueException()" classname="service.model.ManagementTest" time="0.006"/>
  <testcase name="ManagementTest()" classname="service.model.ManagementTest" time="0.001"/>
  <system-out><![CDATA[]]></system-out>
  <system-err><![CDATA[]]></system-err>
</testsuite>
