<?xml version="1.0" encoding="UTF-8"?>
<testsuite name="service.model.ManagementTest" tests="2" skipped="0" failures="0" errors="0" timestamp="2021-01-21T12:06:19" hostname="WARRAICHLAPTOP" time="0.009">
  <properties/>
  <testcase name="NullValueException()" classname="service.model.ManagementTest" time="0.007"/>
  <testcase name="ManagementTest()" classname="service.model.ManagementTest" time="0.001"/>
  <system-out><![CDATA[]]></system-out>
  <system-err><![CDATA[]]></system-err>
</testsuite>
