<?xml version="1.0" encoding="UTF-8"?>
<testsuite name="unit_test.Patient_Test" tests="1" skipped="0" failures="0" errors="0" timestamp="2020-11-22T15:19:16" hostname="WARRAICHLAPTOP" time="0.956">
  <properties/>
  <testcase name="deletePatientTest" classname="unit_test.Patient_Test" time="0.956"/>
  <system-out><![CDATA[]]></system-out>
  <system-err><![CDATA[]]></system-err>
</testsuite>
