<?xml version="1.0" encoding="UTF-8"?>
<testsuite name="unit_test.Patient_Test" tests="4" skipped="0" failures="0" errors="0" timestamp="2020-11-22T15:27:41" hostname="WARRAICHLAPTOP" time="3.001">
  <properties/>
  <testcase name="AddNewPatientTest" classname="unit_test.Patient_Test" time="1.121"/>
  <testcase name="UpdatePatientTest" classname="unit_test.Patient_Test" time="0.809"/>
  <testcase name="getPatientTest" classname="unit_test.Patient_Test" time="0.358"/>
  <testcase name="deletePatientTest" classname="unit_test.Patient_Test" time="0.711"/>
  <system-out><![CDATA[]]></system-out>
  <system-err><![CDATA[]]></system-err>
</testsuite>
