<?xml version="1.0" encoding="UTF-8"?>
<testsuite name="unit_test.Patient_Test" tests="6" skipped="0" failures="0" errors="0" timestamp="2020-11-24T14:31:01" hostname="WARRAICHLAPTOP" time="4.941">
  <properties/>
  <testcase name="AddNewPatientTest_ExceptionEmail" classname="unit_test.Patient_Test" time="1.332"/>
  <testcase name="AddNewPatientTest" classname="unit_test.Patient_Test" time="0.962"/>
  <testcase name="UpdatePatientTest" classname="unit_test.Patient_Test" time="0.785"/>
  <testcase name="getPatientTest" classname="unit_test.Patient_Test" time="0.431"/>
  <testcase name="deletePatientTest" classname="unit_test.Patient_Test" time="0.719"/>
  <testcase name="AddNewPatientTest_ExceptionAdress" classname="unit_test.Patient_Test" time="0.709"/>
  <system-out><![CDATA[]]></system-out>
  <system-err><![CDATA[]]></system-err>
</testsuite>
