<?xml version="1.0" encoding="UTF-8"?>
<testsuite name="service.repository.UserRepositoryTest" tests="1" skipped="0" failures="0" errors="0" timestamp="2021-01-01T21:19:46" hostname="WARRAICHLAPTOP" time="0.013">
  <properties/>
  <testcase name="getUserTest()" classname="service.repository.UserRepositoryTest" time="0.013"/>
  <system-out><![CDATA[]]></system-out>
  <system-err><![CDATA[]]></system-err>
</testsuite>
