<?xml version="1.0" encoding="UTF-8"?>
<testsuite name="service.model.MedicineTest" tests="2" skipped="0" failures="0" errors="0" timestamp="2020-12-28T23:45:28" hostname="WARRAICHLAPTOP" time="0.001">
  <properties/>
  <testcase name="NullValueException()" classname="service.model.MedicineTest" time="0.0"/>
  <testcase name="MedicineTest()" classname="service.model.MedicineTest" time="0.0"/>
  <system-out><![CDATA[]]></system-out>
  <system-err><![CDATA[]]></system-err>
</testsuite>
