<?xml version="1.0" encoding="UTF-8"?>
<testsuite name="service.repository.PatientRepositoryTest" tests="6" skipped="0" failures="0" errors="0" timestamp="2021-01-01T21:19:45" hostname="WARRAICHLAPTOP" time="0.146">
  <properties/>
  <testcase name="getPatients()" classname="service.repository.PatientRepositoryTest" time="0.01"/>
  <testcase name="updatePatientTest()" classname="service.repository.PatientRepositoryTest" time="0.035"/>
  <testcase name="deletePatient_doesNotExist_returnsFalse()" classname="service.repository.PatientRepositoryTest" time="0.019"/>
  <testcase name="createPatient_alreadyExists_throwsException()" classname="service.repository.PatientRepositoryTest" time="0.054"/>
  <testcase name="deletePatientTest()" classname="service.repository.PatientRepositoryTest" time="0.012"/>
  <testcase name="getPatientByIdTest()" classname="service.repository.PatientRepositoryTest" time="0.012"/>
  <system-out><![CDATA[]]></system-out>
  <system-err><![CDATA[]]></system-err>
</testsuite>
