<?xml version="1.0" encoding="UTF-8"?>
<testsuite name="service.model.MedicineTest" tests="2" skipped="0" failures="0" errors="0" timestamp="2021-01-01T21:19:45" hostname="WARRAICHLAPTOP" time="0.003">
  <properties/>
  <testcase name="NullValueException()" classname="service.model.MedicineTest" time="0.001"/>
  <testcase name="MedicineTest()" classname="service.model.MedicineTest" time="0.001"/>
  <system-out><![CDATA[]]></system-out>
  <system-err><![CDATA[]]></system-err>
</testsuite>
