<?xml version="1.0" encoding="UTF-8"?>
<testsuite name="service.repository.UserRepositoryTest" tests="1" skipped="0" failures="0" errors="0" timestamp="2021-01-21T12:06:20" hostname="WARRAICHLAPTOP" time="0.019">
  <properties/>
  <testcase name="getUserTest()" classname="service.repository.UserRepositoryTest" time="0.019"/>
  <system-out><![CDATA[]]></system-out>
  <system-err><![CDATA[]]></system-err>
</testsuite>
