<?xml version="1.0" encoding="UTF-8"?>
<testsuite name="service.model.ManagementTest" tests="2" skipped="0" failures="0" errors="0" timestamp="2020-12-31T14:25:42" hostname="WARRAICHLAPTOP" time="0.022">
  <properties/>
  <testcase name="NullValueException()" classname="service.model.ManagementTest" time="0.013"/>
  <testcase name="ManagementTest()" classname="service.model.ManagementTest" time="0.0"/>
  <system-out><![CDATA[]]></system-out>
  <system-err><![CDATA[]]></system-err>
</testsuite>
