<?xml version="1.0" encoding="UTF-8"?>
<testsuite name="service.controller.MedicineControllerTest" tests="5" skipped="0" failures="0" errors="0" timestamp="2020-12-31T14:25:42" hostname="WARRAICHLAPTOP" time="0.069">
  <properties/>
  <testcase name="deleteMedicineTest()" classname="service.controller.MedicineControllerTest" time="0.049"/>
  <testcase name="updateMedicineTest()" classname="service.controller.MedicineControllerTest" time="0.004"/>
  <testcase name="getMedicineByIdTest()" classname="service.controller.MedicineControllerTest" time="0.004"/>
  <testcase name="getMedicinesTest()" classname="service.controller.MedicineControllerTest" time="0.003"/>
  <testcase name="addMedicineTest()" classname="service.controller.MedicineControllerTest" time="0.003"/>
  <system-out><![CDATA[]]></system-out>
  <system-err><![CDATA[]]></system-err>
</testsuite>
